<?xml version="1.0" encoding="UTF-8"?>
<!-- Generated by org.testng.reporters.JUnitReportReporter -->
<testsuite hostname="LAPTOP-17FHGCSN" failures="0" tests="1" name="sequence10_Inheritance.PS1" time="0.008" errors="0" timestamp="2024-01-26T13:46:22 IST" skipped="0">
  <testcase classname="sequence10_Inheritance.PS1" name="testRun" time="0.008"/>
</testsuite> <!-- sequence10_Inheritance.PS1 -->
